Removed Pin From Net: NetName=ADC1_IN6 Pin=U1-8
Removed Pin From Net: NetName=ADC1_IN1 Pin=U1-12
Removed Pin From Net: NetName=ADC1_IN2 Pin=U1-13
Removed Pin From Net: NetName=ADC1_IN3 Pin=U1-14
Removed Pin From Net: NetName=ADC1_IN4 Pin=U1-17
Removed Pin From Net: NetName=ADC1_IN5 Pin=U1-36
Added Component: Designator=C23(C 0603_L)
Add component (AddParameter): Name = "BOM名称"; Value = "无极性贴片电容"; VariantName = "[No Variations]"
Add component (AddParameter): Name = "学习资源"; Value = "www.ooocke.com"; VariantName = "[No Variations]"
Add component (AddParameter): Name = "材质"; Value = "X7R"; VariantName = "[No Variations]"
Add component (AddParameter): Name = "版权归属"; Value = "源创客"; VariantName = "[No Variations]"
Added Component: Designator=C24(C 0603_L)
Add component (AddParameter): Name = "BOM名称"; Value = "无极性贴片电容"; VariantName = "[No Variations]"
Add component (AddParameter): Name = "学习资源"; Value = "www.ooocke.com"; VariantName = "[No Variations]"
Add component (AddParameter): Name = "材质"; Value = "X7R"; VariantName = "[No Variations]"
Add component (AddParameter): Name = "版权归属"; Value = "源创客"; VariantName = "[No Variations]"
Added Component: Designator=C25(C 0603_L)
Add component (AddParameter): Name = "BOM名称"; Value = "无极性贴片电容"; VariantName = "[No Variations]"
Add component (AddParameter): Name = "学习资源"; Value = "www.ooocke.com"; VariantName = "[No Variations]"
Add component (AddParameter): Name = "材质"; Value = "X7R"; VariantName = "[No Variations]"
Add component (AddParameter): Name = "版权归属"; Value = "源创客"; VariantName = "[No Variations]"
Added Component: Designator=C26(C 0603_L)
Add component (AddParameter): Name = "BOM名称"; Value = "无极性贴片电容"; VariantName = "[No Variations]"
Add component (AddParameter): Name = "学习资源"; Value = "www.ooocke.com"; VariantName = "[No Variations]"
Add component (AddParameter): Name = "材质"; Value = "X7R"; VariantName = "[No Variations]"
Add component (AddParameter): Name = "版权归属"; Value = "源创客"; VariantName = "[No Variations]"
Added Component: Designator=C27(C 0603_L)
Add component (AddParameter): Name = "BOM名称"; Value = "无极性贴片电容"; VariantName = "[No Variations]"
Add component (AddParameter): Name = "学习资源"; Value = "www.ooocke.com"; VariantName = "[No Variations]"
Add component (AddParameter): Name = "材质"; Value = "X7R"; VariantName = "[No Variations]"
Add component (AddParameter): Name = "版权归属"; Value = "源创客"; VariantName = "[No Variations]"
Added Component: Designator=C28(C 0603_L)
Add component (AddParameter): Name = "BOM名称"; Value = "无极性贴片电容"; VariantName = "[No Variations]"
Add component (AddParameter): Name = "学习资源"; Value = "www.ooocke.com"; VariantName = "[No Variations]"
Add component (AddParameter): Name = "材质"; Value = "X7R"; VariantName = "[No Variations]"
Add component (AddParameter): Name = "版权归属"; Value = "源创客"; VariantName = "[No Variations]"
Added Component: Designator=R9(R 0603_L)
Add component (AddParameter): Name = "BOM名称"; Value = "贴片电阻"; VariantName = "[No Variations]"
Add component (AddParameter): Name = "学习资源"; Value = "www.ooocke.com"; VariantName = "[No Variations]"
Add component (AddParameter): Name = "版权归属"; Value = "源创客"; VariantName = "[No Variations]"
Added Component: Designator=R10(R 0603_L)
Add component (AddParameter): Name = "BOM名称"; Value = "贴片电阻"; VariantName = "[No Variations]"
Add component (AddParameter): Name = "学习资源"; Value = "www.ooocke.com"; VariantName = "[No Variations]"
Add component (AddParameter): Name = "版权归属"; Value = "源创客"; VariantName = "[No Variations]"
Added Component: Designator=R11(R 0603_L)
Add component (AddParameter): Name = "BOM名称"; Value = "贴片电阻"; VariantName = "[No Variations]"
Add component (AddParameter): Name = "学习资源"; Value = "www.ooocke.com"; VariantName = "[No Variations]"
Add component (AddParameter): Name = "版权归属"; Value = "源创客"; VariantName = "[No Variations]"
Added Component: Designator=R12(R 0603_L)
Add component (AddParameter): Name = "BOM名称"; Value = "贴片电阻"; VariantName = "[No Variations]"
Add component (AddParameter): Name = "学习资源"; Value = "www.ooocke.com"; VariantName = "[No Variations]"
Add component (AddParameter): Name = "版权归属"; Value = "源创客"; VariantName = "[No Variations]"
Added Component: Designator=R13(R 0603_L)
Add component (AddParameter): Name = "BOM名称"; Value = "贴片电阻"; VariantName = "[No Variations]"
Add component (AddParameter): Name = "学习资源"; Value = "www.ooocke.com"; VariantName = "[No Variations]"
Add component (AddParameter): Name = "版权归属"; Value = "源创客"; VariantName = "[No Variations]"
Added Component: Designator=R14(R 0603_L)
Add component (AddParameter): Name = "BOM名称"; Value = "贴片电阻"; VariantName = "[No Variations]"
Add component (AddParameter): Name = "学习资源"; Value = "www.ooocke.com"; VariantName = "[No Variations]"
Add component (AddParameter): Name = "版权归属"; Value = "源创客"; VariantName = "[No Variations]"
Added Pin To Net: NetName=AGND Pin=C23-2
Added Pin To Net: NetName=AGND Pin=C24-2
Added Pin To Net: NetName=AGND Pin=C25-2
Added Pin To Net: NetName=AGND Pin=C26-2
Added Pin To Net: NetName=AGND Pin=C27-2
Added Pin To Net: NetName=AGND Pin=C28-2
Added Pin To Net: NetName=ADC1_IN1 Pin=R9-2
Added Pin To Net: NetName=ADC1_IN2 Pin=R10-2
Added Pin To Net: NetName=ADC1_IN3 Pin=R11-2
Added Pin To Net: NetName=ADC1_IN4 Pin=R12-2
Added Pin To Net: NetName=ADC1_IN5 Pin=R13-2
Added Pin To Net: NetName=ADC1_IN6 Pin=R14-2
Added Pin To Net: NetName=ADC1_IN1_F Pin=C23-1
Added Pin To Net: NetName=ADC1_IN1_F Pin=R9-1
Added Pin To Net: NetName=ADC1_IN1_F Pin=U1-12
Added Net: Name=ADC1_IN1_F
Added Pin To Net: NetName=ADC1_IN2_F Pin=C24-1
Added Pin To Net: NetName=ADC1_IN2_F Pin=R10-1
Added Pin To Net: NetName=ADC1_IN2_F Pin=U1-13
Added Net: Name=ADC1_IN2_F
Added Pin To Net: NetName=ADC1_IN3_F Pin=C25-1
Added Pin To Net: NetName=ADC1_IN3_F Pin=R11-1
Added Pin To Net: NetName=ADC1_IN3_F Pin=U1-14
Added Net: Name=ADC1_IN3_F
Added Pin To Net: NetName=ADC1_IN4_F Pin=C26-1
Added Pin To Net: NetName=ADC1_IN4_F Pin=R12-1
Added Pin To Net: NetName=ADC1_IN4_F Pin=U1-17
Added Net: Name=ADC1_IN4_F
Added Pin To Net: NetName=ADC1_IN5_F Pin=C27-1
Added Pin To Net: NetName=ADC1_IN5_F Pin=R13-1
Added Pin To Net: NetName=ADC1_IN5_F Pin=U1-36
Added Net: Name=ADC1_IN5_F
Added Pin To Net: NetName=ADC1_IN6_F Pin=C28-1
Added Pin To Net: NetName=ADC1_IN6_F Pin=R14-1
Added Pin To Net: NetName=ADC1_IN6_F Pin=U1-8
Added Net: Name=ADC1_IN6_F
Added Member To Class: ClassName=STM32G4_V1 Member=Component C23 1u
Added Member To Class: ClassName=STM32G4_V1 Member=Component C24 1u
Added Member To Class: ClassName=STM32G4_V1 Member=Component C25 1u
Added Member To Class: ClassName=STM32G4_V1 Member=Component C26 1u
Added Member To Class: ClassName=STM32G4_V1 Member=Component C27 1u
Added Member To Class: ClassName=STM32G4_V1 Member=Component C28 1u
Added Member To Class: ClassName=STM32G4_V1 Member=Component R9 1K
Added Member To Class: ClassName=STM32G4_V1 Member=Component R10 1K
Added Member To Class: ClassName=STM32G4_V1 Member=Component R11 1K
Added Member To Class: ClassName=STM32G4_V1 Member=Component R12 1K
Added Member To Class: ClassName=STM32G4_V1 Member=Component R13 1K
Added Member To Class: ClassName=STM32G4_V1 Member=Component R14 1K
