Change Component Comment : Designator= Old Comment= New Comment=0
Change Component Comment : Designator= Old Comment= New Comment=1K
Change Component Comment : Designator= Old Comment= New Comment=1K
Change Component Comment : Designator= Old Comment= New Comment=1K
Change Component Comment : Designator= Old Comment= New Comment=1K
Change Component Comment : Designator= Old Comment= New Comment=1K
Change Component Comment : Designator= Old Comment= New Comment=1K
Change Component Comment : Designator= Old Comment= New Comment=1K
Change Component Comment : Designator= Old Comment= New Comment=1K
Change Component Comment : Designator= Old Comment= New Comment=1K
Change Component Comment : Designator= Old Comment= New Comment=1u
Change Component Comment : Designator= Old Comment= New Comment=1u
Change Component Comment : Designator= Old Comment= New Comment=1u
Change Component Comment : Designator= Old Comment= New Comment=1u
Change Component Comment : Designator= Old Comment= New Comment=1u
Change Component Comment : Designator= Old Comment= New Comment=1u
Change Component Comment : Designator= Old Comment= New Comment=1u
Change Component Comment : Designator= Old Comment= New Comment=1u
Change Component Comment : Designator= Old Comment= New Comment=1u
Change Component Comment : Designator= Old Comment= New Comment=1u
Change Component Comment : Designator= Old Comment= New Comment=1u
Change Component Comment : Designator= Old Comment= New Comment=1u
Change Component Comment : Designator= Old Comment= New Comment=3x6x5
Change Component Comment : Designator= Old Comment= New Comment=4.7u
Change Component Comment : Designator= Old Comment= New Comment=10k
Change Component Comment : Designator= Old Comment= New Comment=10n
Change Component Comment : Designator= Old Comment= New Comment=12p
Change Component Comment : Designator= Old Comment= New Comment=12p
Change Component Comment : Designator= Old Comment= New Comment=80M
Change Component Comment : Designator= Old Comment= New Comment=100n
Change Component Comment : Designator= Old Comment= New Comment=100n
Change Component Comment : Designator= Old Comment= New Comment=100n
Change Component Comment : Designator= Old Comment= New Comment=100n
Change Component Comment : Designator= Old Comment= New Comment=100n
Change Component Comment : Designator= Old Comment= New Comment=100n
Change Component Comment : Designator= Old Comment= New Comment=100n
Change Component Comment : Designator= Old Comment= New Comment=100n
Change Component Comment : Designator= Old Comment= New Comment=100n
Change Component Comment : Designator= Old Comment= New Comment=100n
Change Component Comment : Designator= Old Comment= New Comment=100n
Change Component Comment : Designator= Old Comment= New Comment=200
Change Component Comment : Designator= Old Comment= New Comment=200
Change Component Comment : Designator= Old Comment= New Comment=600R@100MHZ/0805
Change Component Comment : Designator= Old Comment= New Comment=600R@100MHZ/0805
Change Component Comment : Designator= Old Comment= New Comment=AMS1117-3V3
Change Component Comment : Designator= Old Comment= New Comment=HDR-1X4
Change Component Comment : Designator= Old Comment= New Comment=Header 2X10
Change Component Comment : Designator= Old Comment= New Comment=Header 8X2
Change Component Comment : Designator= Old Comment= New Comment=STM32G474RET6
Change Component Comment : Designator= Old Comment= New Comment=TL431
Change Component Comment : Designator= Old Comment= New Comment=红色
Change Component Comment : Designator= Old Comment= New Comment=红色
Change Component Comment : Designator= Old Comment= New Comment=红色
Change Component Designator: OldDesignator= NewDesignator=C1
Change Component Designator: OldDesignator= NewDesignator=C2
Change Component Designator: OldDesignator= NewDesignator=C3
Change Component Designator: OldDesignator= NewDesignator=C4
Change Component Designator: OldDesignator= NewDesignator=C5
Change Component Designator: OldDesignator= NewDesignator=C6
Change Component Designator: OldDesignator= NewDesignator=C7
Change Component Designator: OldDesignator= NewDesignator=C8
Change Component Designator: OldDesignator= NewDesignator=C9
Change Component Designator: OldDesignator= NewDesignator=C10
Change Component Designator: OldDesignator= NewDesignator=C11
Change Component Designator: OldDesignator= NewDesignator=C12
Change Component Designator: OldDesignator= NewDesignator=C13
Change Component Designator: OldDesignator= NewDesignator=C14
Change Component Designator: OldDesignator= NewDesignator=C15
Change Component Designator: OldDesignator= NewDesignator=C16
Change Component Designator: OldDesignator= NewDesignator=C17
Change Component Designator: OldDesignator= NewDesignator=C18
Change Component Designator: OldDesignator= NewDesignator=C19
Change Component Designator: OldDesignator= NewDesignator=C20
Change Component Designator: OldDesignator= NewDesignator=C21
Change Component Designator: OldDesignator= NewDesignator=C22
Change Component Designator: OldDesignator= NewDesignator=C23
Change Component Designator: OldDesignator= NewDesignator=C24
Change Component Designator: OldDesignator= NewDesignator=C25
Change Component Designator: OldDesignator= NewDesignator=C26
Change Component Designator: OldDesignator= NewDesignator=C27
Change Component Designator: OldDesignator= NewDesignator=IC1
Change Component Designator: OldDesignator= NewDesignator=JP1
Change Component Designator: OldDesignator= NewDesignator=JP2
Change Component Designator: OldDesignator= NewDesignator=JP3
Change Component Designator: OldDesignator= NewDesignator=L1
Change Component Designator: OldDesignator= NewDesignator=L2
Change Component Designator: OldDesignator= NewDesignator=LED1
Change Component Designator: OldDesignator= NewDesignator=LED2
Change Component Designator: OldDesignator= NewDesignator=LED3
Change Component Designator: OldDesignator= NewDesignator=R1
Change Component Designator: OldDesignator= NewDesignator=R2
Change Component Designator: OldDesignator= NewDesignator=R3
Change Component Designator: OldDesignator= NewDesignator=R4
Change Component Designator: OldDesignator= NewDesignator=R5
Change Component Designator: OldDesignator= NewDesignator=R6
Change Component Designator: OldDesignator= NewDesignator=R7
Change Component Designator: OldDesignator= NewDesignator=R8
Change Component Designator: OldDesignator= NewDesignator=R9
Change Component Designator: OldDesignator= NewDesignator=R10
Change Component Designator: OldDesignator= NewDesignator=R11
Change Component Designator: OldDesignator= NewDesignator=R12
Change Component Designator: OldDesignator= NewDesignator=R13
Change Component Designator: OldDesignator= NewDesignator=SW1
Change Component Designator: OldDesignator= NewDesignator=U1
Change Component Designator: OldDesignator= NewDesignator=V1
Change Component Designator: OldDesignator= NewDesignator=X1
Added Component: Designator=C28(C 0603_L)
Add component (AddParameter): Name = "BOM名称"; Value = "无极性贴片电容"; VariantName = "[No Variations]"
Add component (AddParameter): Name = "学习资源"; Value = "www.ooocke.com"; VariantName = "[No Variations]"
Add component (AddParameter): Name = "材质"; Value = "X7R"; VariantName = "[No Variations]"
Add component (AddParameter): Name = "版权归属"; Value = "源创客"; VariantName = "[No Variations]"
Added Component: Designator=R14(R 0603_L)
Add component (AddParameter): Name = "BOM名称"; Value = "贴片电阻"; VariantName = "[No Variations]"
Add component (AddParameter): Name = "学习资源"; Value = "www.ooocke.com"; VariantName = "[No Variations]"
Add component (AddParameter): Name = "版权归属"; Value = "源创客"; VariantName = "[No Variations]"
Added Pin To Net: NetName=ADC1_IN6_F Pin=C28-1
Added Pin To Net: NetName=AGND Pin=C28-2
Added Pin To Net: NetName=ADC1_IN6_F Pin=R14-1
Added Pin To Net: NetName=ADC1_IN6 Pin=R14-2
Added Member To Class: ClassName=STM32G4_V1 Member=Component C1 12p
Added Member To Class: ClassName=STM32G4_V1 Member=Component C2 12p
Added Member To Class: ClassName=STM32G4_V1 Member=Component C3 100n
Added Member To Class: ClassName=STM32G4_V1 Member=Component C4 100n
Added Member To Class: ClassName=STM32G4_V1 Member=Component C5 100n
Added Member To Class: ClassName=STM32G4_V1 Member=Component C6 100n
Added Member To Class: ClassName=STM32G4_V1 Member=Component C7 100n
Added Member To Class: ClassName=STM32G4_V1 Member=Component C8 4.7u
Added Member To Class: ClassName=STM32G4_V1 Member=Component C9 100n
Added Member To Class: ClassName=STM32G4_V1 Member=Component C10 1u
Added Member To Class: ClassName=STM32G4_V1 Member=Component C11 10n
Added Member To Class: ClassName=STM32G4_V1 Member=Component C12 1u
Added Member To Class: ClassName=STM32G4_V1 Member=Component C13 100n
Added Member To Class: ClassName=STM32G4_V1 Member=Component C14 1u
Added Member To Class: ClassName=STM32G4_V1 Member=Component C15 100n
Added Member To Class: ClassName=STM32G4_V1 Member=Component C16 1u
Added Member To Class: ClassName=STM32G4_V1 Member=Component C17 100n
Added Member To Class: ClassName=STM32G4_V1 Member=Component C18 1u
Added Member To Class: ClassName=STM32G4_V1 Member=Component C19 100n
Added Member To Class: ClassName=STM32G4_V1 Member=Component C20 1u
Added Member To Class: ClassName=STM32G4_V1 Member=Component C21 100n
Added Member To Class: ClassName=STM32G4_V1 Member=Component C22 1u
Added Member To Class: ClassName=STM32G4_V1 Member=Component C23 1u
Added Member To Class: ClassName=STM32G4_V1 Member=Component C24 1u
Added Member To Class: ClassName=STM32G4_V1 Member=Component C25 1u
Added Member To Class: ClassName=STM32G4_V1 Member=Component C26 1u
Added Member To Class: ClassName=STM32G4_V1 Member=Component C27 1u
Added Member To Class: ClassName=STM32G4_V1 Member=Component C28 1u
Added Member To Class: ClassName=STM32G4_V1 Member=Component IC1 TL431
Added Member To Class: ClassName=STM32G4_V1 Member=Component JP1 Header 2X10
Added Member To Class: ClassName=STM32G4_V1 Member=Component JP2 HDR-1X4
Added Member To Class: ClassName=STM32G4_V1 Member=Component JP3 Header 8X2
Added Member To Class: ClassName=STM32G4_V1 Member=Component L1 600R@100MHZ/0805
Added Member To Class: ClassName=STM32G4_V1 Member=Component L2 600R@100MHZ/0805
Added Member To Class: ClassName=STM32G4_V1 Member=Component LED1 红色
Added Member To Class: ClassName=STM32G4_V1 Member=Component LED2 红色
Added Member To Class: ClassName=STM32G4_V1 Member=Component LED3 红色
Added Member To Class: ClassName=STM32G4_V1 Member=Component R1 10k
Added Member To Class: ClassName=STM32G4_V1 Member=Component R2 1K
Added Member To Class: ClassName=STM32G4_V1 Member=Component R3 1K
Added Member To Class: ClassName=STM32G4_V1 Member=Component R4 0
Added Member To Class: ClassName=STM32G4_V1 Member=Component R5 200
Added Member To Class: ClassName=STM32G4_V1 Member=Component R6 200
Added Member To Class: ClassName=STM32G4_V1 Member=Component R7 1K
Added Member To Class: ClassName=STM32G4_V1 Member=Component R8 1K
Added Member To Class: ClassName=STM32G4_V1 Member=Component R9 1K
Added Member To Class: ClassName=STM32G4_V1 Member=Component R10 1K
Added Member To Class: ClassName=STM32G4_V1 Member=Component R11 1K
Added Member To Class: ClassName=STM32G4_V1 Member=Component R12 1K
Added Member To Class: ClassName=STM32G4_V1 Member=Component R13 1K
Added Member To Class: ClassName=STM32G4_V1 Member=Component R14 1K
Added Member To Class: ClassName=STM32G4_V1 Member=Component SW1 3x6x5
Added Member To Class: ClassName=STM32G4_V1 Member=Component U1 STM32G474RET6
Added Member To Class: ClassName=STM32G4_V1 Member=Component V1 AMS1117-3V3
Added Member To Class: ClassName=STM32G4_V1 Member=Component X1 80M
