Added Component: Designator=LED3(LED 0805G)
Add component (AddParameter): Name = "BOM名称"; Value = "贴片LED"; VariantName = "[No Variations]"
Add component (AddParameter): Name = "学习资源"; Value = "www.ooocke.com"; VariantName = "[No Variations]"
Add component (AddParameter): Name = "版权归属"; Value = "源创客"; VariantName = "[No Variations]"
Added Component: Designator=R8(R 0603_L)
Add component (AddParameter): Name = "BOM名称"; Value = "贴片电阻"; VariantName = "[No Variations]"
Add component (AddParameter): Name = "学习资源"; Value = "www.ooocke.com"; VariantName = "[No Variations]"
Add component (AddParameter): Name = "版权归属"; Value = "源创客"; VariantName = "[No Variations]"
Added Pin To Net: NetName=VCC_3V3A Pin=C13-1
Added Pin To Net: NetName=AGND Pin=C13-2
Added Pin To Net: NetName=VCC_3V3A Pin=C14-1
Added Pin To Net: NetName=AGND Pin=C14-2
Added Pin To Net: NetName=VCC_3V3A Pin=L1-2
Added Pin To Net: NetName=LED1 Pin=LED3-1
Added Pin To Net: NetName=AGND Pin=R4-1
Added Pin To Net: NetName=DGND Pin=R8-1
Added Pin To Net: NetName=NetLED3_2 Pin=LED3-2
Added Pin To Net: NetName=NetLED3_2 Pin=R8-2
Added Net: Name=NetLED3_2
Added Member To Class: ClassName=STM32G4_V1 Member=Component LED3 红色
Added Member To Class: ClassName=STM32G4_V1 Member=Component R8 1K
