Added Component: Designator=JP2(XH2.54-LI-4P)
Add component (AddParameter): Name = "BOM名称"; Value = "4P接插件"; VariantName = "[No Variations]"
Add component (AddParameter): Name = "学习资源"; Value = "www.ooocke.com"; VariantName = "[No Variations]"
Add component (AddParameter): Name = "版权归属"; Value = "源创客"; VariantName = "[No Variations]"
Added Component: Designator=JP3(HDR2.54-LI-2x8P)
Add component (AddParameter): Name = "BOM名称"; Value = "8*2P接插件"; VariantName = "[No Variations]"
Add component (AddParameter): Name = "学习资源"; Value = "www.ooocke.com"; VariantName = "[No Variations]"
Add component (AddParameter): Name = "版权归属"; Value = "源创客"; VariantName = "[No Variations]"
Added Pin To Net: NetName=VCC_3V3 Pin=JP2-1
Added Pin To Net: NetName=USART1_RX Pin=JP2-2
Added Pin To Net: NetName=USART1_TX Pin=JP2-3
Added Pin To Net: NetName=DGND Pin=JP2-4
Added Pin To Net: NetName=HRTIM1_CHA1 Pin=JP3-1
Added Pin To Net: NetName=ADC1_IN1 Pin=JP3-2
Added Pin To Net: NetName=HRTIM1_CHA2 Pin=JP3-3
Added Pin To Net: NetName=ADC1_IN2 Pin=JP3-4
Added Pin To Net: NetName=HRTIM1_CHB1 Pin=JP3-5
Added Pin To Net: NetName=ADC1_IN3 Pin=JP3-6
Added Pin To Net: NetName=HRTIM1_CHC1 Pin=JP3-7
Added Pin To Net: NetName=ADC1_IN4 Pin=JP3-8
Added Pin To Net: NetName=ADC1_IN5 Pin=JP3-10
Added Pin To Net: NetName=ADC1_IN6 Pin=JP3-12
Added Member To Class: ClassName=STM32G4_V1 Member=Component JP2 HDR-1X4
Added Member To Class: ClassName=STM32G4_V1 Member=Component JP3 Header 8X2
