Removed Pin From Net: NetName=AGND Pin=C2-2
Removed Pin From Net: NetName=AGND Pin=C3-1
Removed Pin From Net: NetName=PGND Pin=C7-2
Removed Pin From Net: NetName=AGND Pin=C8-2
Removed Pin From Net: NetName=AGND Pin=C9-1
Removed Pin From Net: NetName=PGND Pin=C10-1
Removed Pin From Net: NetName=PGND Pin=C11-1
Removed Pin From Net: NetName=PGND Pin=C12-1
Removed Pin From Net: NetName=PGND Pin=C13-1
Removed Pin From Net: NetName=HVBUS Pin=C13-2
Removed Pin From Net: NetName=PGND Pin=C14-1
Removed Pin From Net: NetName=HVBUS Pin=C14-2
Removed Pin From Net: NetName=AGND Pin=C22-1
Removed Pin From Net: NetName=AGND Pin=C23-1
Removed Pin From Net: NetName=AGND Pin=C24-1
Removed Pin From Net: NetName=PGND Pin=C26-1
Removed Pin From Net: NetName=PGND Pin=C28-2
Removed Pin From Net: NetName=AGND Pin=JP1-5
Removed Pin From Net: NetName=AGND Pin=JP1-9
Removed Pin From Net: NetName=AGND Pin=JP1-10
Removed Pin From Net: NetName=HVBUS Pin=Q1-D
Removed Pin From Net: NetName=PGND Pin=Q2-S
Removed Pin From Net: NetName=PGND Pin=R10-1
Removed Pin From Net: NetName=PGND Pin=R18-1
Removed Pin From Net: NetName=AGND Pin=TP5-1
Removed Pin From Net: NetName=AGND Pin=U1-4
Removed Pin From Net: NetName=AGND Pin=U2-1
Removed Pin From Net: NetName=AGND Pin=U4-1
Removed Pin From Net: NetName=PGND Pin=U4-7
Removed Pin From Net: NetName=PGND Pin=U5-2
Removed Pin From Net: NetName=PGND Pin=U5-4
Removed Pin From Net: NetName=AGND Pin=U6-4
Removed Pin From Net: NetName=PGND Pin=U6-5
Removed Member From Class: ClassName=GS_V1 Member=C23
Removed Member From Class: ClassName=GS_V1 Member=C24
Removed Member From Class: ClassName=GS_V1 Member=C25
Removed Member From Class: ClassName=GS_V1 Member=C26
Removed Member From Class: ClassName=GS_V1 Member=C27
Removed Member From Class: ClassName=GS_V1 Member=C28
Removed Member From Class: ClassName=GS_V1 Member=D1
Removed Member From Class: ClassName=GS_V1 Member=D2
Removed Member From Class: ClassName=GS_V1 Member=Q1
Removed Member From Class: ClassName=GS_V1 Member=Q2
Removed Member From Class: ClassName=GS_V1 Member=R8
Removed Member From Class: ClassName=GS_V1 Member=R9
Removed Member From Class: ClassName=GS_V1 Member=R10
Removed Member From Class: ClassName=GS_V1 Member=R11
Removed Member From Class: ClassName=GS_V1 Member=R12
Removed Member From Class: ClassName=GS_V1 Member=R13
Removed Member From Class: ClassName=GS_V1 Member=R14
Removed Member From Class: ClassName=GS_V1 Member=R15
Removed Member From Class: ClassName=GS_V1 Member=R16
Removed Member From Class: ClassName=GS_V1 Member=R17
Removed Member From Class: ClassName=GS_V1 Member=R18
Removed Member From Class: ClassName=GS_V1 Member=TP1
Removed Member From Class: ClassName=GS_V1 Member=TP2
Removed Member From Class: ClassName=GS_V1 Member=TP3
Removed Member From Class: ClassName=GS_V1 Member=TP4
Removed Member From Class: ClassName=GS_V1 Member=TP5
Removed Member From Class: ClassName=GS_V1 Member=TP6
Removed Member From Class: ClassName=GS_V1 Member=TP7
Removed Member From Class: ClassName=GS_V1 Member=U2
Removed Member From Class: ClassName=GS_V1 Member=U3
Removed Member From Class: ClassName=GS_V1 Member=U4
Removed Member From Class: ClassName=GS_V1 Member=U5
Removed Member From Class: ClassName=GS_V1 Member=U6
Change Component Footprint: Designator=C3 Old Footprint=C 0805_L New Footprint=C 0603_L
Change Component Footprint: Designator=C9 Old Footprint=C 0805_L New Footprint=C 0603_L
Change Component Footprint: Designator=C13 Old Footprint=C 0805_L New Footprint=C 0603_L
Change Component Footprint: Designator=C14 Old Footprint=C 0805_L New Footprint=C 0603_L
Change Component Footprint: Designator=C15 Old Footprint=C 0805_L New Footprint=C 0603_L
Change Component Footprint: Designator=C16 Old Footprint=C 0805_L New Footprint=C 0603_L
Change Component Footprint: Designator=C17 Old Footprint=C 0805_L New Footprint=C 0603_L
Change Component Footprint: Designator=C18 Old Footprint=C 0805_L New Footprint=C 0603_L
Change Component Footprint: Designator=JP1 Old Footprint=HDR2.54-LI-2x7P New Footprint=IDC2.54-LI-2x10P
Change Component Footprint: Designator=U1 Old Footprint=RI-8-1_ADI New Footprint=LQFP64-10x10mm
Change Component Comment : Designator=R3 Old Comment=0 New Comment=1K
Change Component Comment : Designator=C16 Old Comment=0.1u New Comment=1u
Change Component Comment : Designator=C18 Old Comment=0.1u New Comment=1u
Change Component Comment : Designator=C15 Old Comment=0.1u New Comment=100n
Change Component Comment : Designator=C17 Old Comment=0.1u New Comment=100n
Change Component Comment : Designator=C14 Old Comment=0.022u New Comment=1u
Change Component Comment : Designator=C13 Old Comment=0.022u New Comment=100n
Change Component Comment : Designator=C1 Old Comment=1u New Comment=12p
Change Component Comment : Designator=C7 Old Comment=1u New Comment=100n
Change Component Comment : Designator=C12 Old Comment=2.2u New Comment=1u
Change Component Comment : Designator=C6 Old Comment=2.2u New Comment=100n
Change Component Comment : Designator=C11 Old Comment=4.7u New Comment=10n
Change Component Comment : Designator=C5 Old Comment=4.7u New Comment=100n
Change Component Comment : Designator=R4 Old Comment=10 New Comment=0
Change Component Comment : Designator=R2 Old Comment=10 New Comment=1K
Change Component Comment : Designator=R7 Old Comment=10 New Comment=1K
Change Component Comment : Designator=R1 Old Comment=10 New Comment=10k
Change Component Comment : Designator=R6 Old Comment=10 New Comment=200
Change Component Comment : Designator=R5 Old Comment=10k New Comment=200
Change Component Comment : Designator=C10 Old Comment=22u New Comment=1u
Change Component Comment : Designator=C4 Old Comment=22u New Comment=100n
Change Component Comment : Designator=C22 Old Comment=47p New Comment=1u
Change Component Comment : Designator=C21 Old Comment=47p New Comment=100n
Change Component Comment : Designator=C8 Old Comment=100n New Comment=4.7u
Change Component Comment : Designator=C2 Old Comment=100n New Comment=12p
Change Component Comment : Designator=C3 Old Comment=100u New Comment=100n
Change Component Comment : Designator=C9 Old Comment=100u New Comment=100n
Change Component Comment : Designator=U1 Old Comment=ADUM4121-1ARIZ New Comment=STM32G474RET6
Change Component Comment : Designator=JP1 Old Comment=Header 2X7 New Comment=Header 2X10
Change component parameters: Designator = "JP1" ("JP1"); Footprint = "HDR2.54-LI-2x7P"; UniqueID = "\TBBSGXPY" ("\TBBSGXPY")
Change component parameters (AddParameter): Name = "BOM名称"; Value = "10*2P接插件"; VariantName = "[No Variations]"
Change component parameters (AddParameter): Name = "学习资源"; Value = "www.ooocke.com"; VariantName = "[No Variations]"
Change component parameters (AddParameter): Name = "版权归属"; Value = "源创客"; VariantName = "[No Variations]"
Change component parameters: Designator = "U1" ("U1"); Footprint = "RI-8-1_ADI"; UniqueID = "\DZEEYQPD" ("\DZEEYQPD")
Change component parameters (AddParameter): Name = "Mfr_Name"; Value = "STMicroelectronics"; VariantName = "[No Variations]"
Change component parameters (AddParameter): Name = "RefDes"; Value = "RefDes"; VariantName = "[No Variations]"
Change component parameters (AddParameter): Name = "Type"; Value = "Type"; VariantName = "[No Variations]"
Added Component: Designator=C19(C 0603_L)
Add component (AddParameter): Name = "BOM名称"; Value = "无极性贴片电容"; VariantName = "[No Variations]"
Add component (AddParameter): Name = "学习资源"; Value = "www.ooocke.com"; VariantName = "[No Variations]"
Add component (AddParameter): Name = "材质"; Value = "X7R"; VariantName = "[No Variations]"
Add component (AddParameter): Name = "版权归属"; Value = "源创客"; VariantName = "[No Variations]"
Added Component: Designator=C20(C 0603_L)
Add component (AddParameter): Name = "BOM名称"; Value = "无极性贴片电容"; VariantName = "[No Variations]"
Add component (AddParameter): Name = "学习资源"; Value = "www.ooocke.com"; VariantName = "[No Variations]"
Add component (AddParameter): Name = "材质"; Value = "X7R"; VariantName = "[No Variations]"
Add component (AddParameter): Name = "版权归属"; Value = "源创客"; VariantName = "[No Variations]"
Added Component: Designator=IC1(SOT23-3N)
Add component (AddParameter): Name = "BOM名称"; Value = "可调基准稳压芯片"; VariantName = "[No Variations]"
Add component (AddParameter): Name = "学习资源"; Value = "www.ooocke.com"; VariantName = "[No Variations]"
Add component (AddParameter): Name = "版权归属"; Value = "源创客"; VariantName = "[No Variations]"
Added Component: Designator=L1(L 0805_L)
Add component (AddParameter): Name = "BOM名称"; Value = "小功率贴片电感"; VariantName = "[No Variations]"
Add component (AddParameter): Name = "学习资源"; Value = "www.ooocke.com"; VariantName = "[No Variations]"
Add component (AddParameter): Name = "版权归属"; Value = "源创客"; VariantName = "[No Variations]"
Added Component: Designator=L2(L 0805_L)
Add component (AddParameter): Name = "BOM名称"; Value = "小功率贴片电感"; VariantName = "[No Variations]"
Add component (AddParameter): Name = "学习资源"; Value = "www.ooocke.com"; VariantName = "[No Variations]"
Add component (AddParameter): Name = "版权归属"; Value = "源创客"; VariantName = "[No Variations]"
Added Component: Designator=LED1(LED 0805G)
Add component (AddParameter): Name = "BOM名称"; Value = "贴片LED"; VariantName = "[No Variations]"
Add component (AddParameter): Name = "学习资源"; Value = "www.ooocke.com"; VariantName = "[No Variations]"
Add component (AddParameter): Name = "版权归属"; Value = "源创客"; VariantName = "[No Variations]"
Added Component: Designator=LED2(LED 0805G)
Add component (AddParameter): Name = "BOM名称"; Value = "贴片LED"; VariantName = "[No Variations]"
Add component (AddParameter): Name = "学习资源"; Value = "www.ooocke.com"; VariantName = "[No Variations]"
Add component (AddParameter): Name = "版权归属"; Value = "源创客"; VariantName = "[No Variations]"
Added Component: Designator=SW1(TSW SMD-3*6*2.5)
Add component (AddParameter): Name = "BOM名称"; Value = "3x6轻触开关"; VariantName = "[No Variations]"
Add component (AddParameter): Name = "学习资源"; Value = "www.ooocke.com"; VariantName = "[No Variations]"
Add component (AddParameter): Name = "版权归属"; Value = "源创客"; VariantName = "[No Variations]"
Added Component: Designator=V1(SOT223_L)
Add component (AddParameter): Name = "BOM名称"; Value = "稳压芯片"; VariantName = "[No Variations]"
Add component (AddParameter): Name = "学习资源"; Value = "www.ooocke.com"; VariantName = "[No Variations]"
Add component (AddParameter): Name = "版权归属"; Value = "源创客"; VariantName = "[No Variations]"
Added Component: Designator=X1(OSC 3225-4P)
Add component (AddParameter): Name = "BOM名称"; Value = "4脚有源晶振"; VariantName = "[No Variations]"
Add component (AddParameter): Name = "学习资源"; Value = "www.ooocke.com"; VariantName = "[No Variations]"
Add component (AddParameter): Name = "版权归属"; Value = "源创客"; VariantName = "[No Variations]"
Added Pin To Net: NetName=HVBUS Pin=C1-1
Added Pin To Net: NetName=HVBUS Pin=C2-2
Added Pin To Net: NetName=HVBUS Pin=C3-2
Added Pin To Net: NetName=PGND Pin=C4-1
Added Pin To Net: NetName=HVBUS Pin=C4-2
Added Pin To Net: NetName=PGND Pin=C5-1
Added Pin To Net: NetName=HVBUS Pin=C5-2
Added Pin To Net: NetName=PGND Pin=C6-1
Added Pin To Net: NetName=HVBUS Pin=C6-2
Added Pin To Net: NetName=PGND Pin=C7-1
Added Pin To Net: NetName=HVBUS Pin=C7-2
Added Pin To Net: NetName=PGND Pin=C8-1
Added Pin To Net: NetName=HVBUS Pin=C8-2
Added Pin To Net: NetName=AGND Pin=C9-2
Added Pin To Net: NetName=AGND Pin=C10-2
Added Pin To Net: NetName=AGND Pin=C11-2
Added Pin To Net: NetName=AGND Pin=C12-2
Added Pin To Net: NetName=HVBUS Pin=C19-2
Added Pin To Net: NetName=HVBUS Pin=C20-2
Added Pin To Net: NetName=AGND Pin=C22-2
Added Pin To Net: NetName=AGND Pin=IC1-3
Added Pin To Net: NetName=PGND Pin=JP1-1
Added Pin To Net: NetName=HVBUS Pin=JP1-4
Added Pin To Net: NetName=PGND Pin=L1-1
Added Pin To Net: NetName=PGND Pin=LED2-1
Added Pin To Net: NetName=HVBUS Pin=R1-2
Added Pin To Net: NetName=HVBUS Pin=R2-1
Added Pin To Net: NetName=HVBUS Pin=R3-1
Added Pin To Net: NetName=HVBUS Pin=R4-2
Added Pin To Net: NetName=AGND Pin=R7-1
Added Pin To Net: NetName=HVBUS Pin=SW1-1
Added Pin To Net: NetName=PGND Pin=U1-1
Added Pin To Net: NetName=HVBUS Pin=U1-15
Added Pin To Net: NetName=PGND Pin=U1-16
Added Pin To Net: NetName=AGND Pin=U1-27
Added Pin To Net: NetName=HVBUS Pin=U1-31
Added Pin To Net: NetName=PGND Pin=U1-32
Added Pin To Net: NetName=HVBUS Pin=U1-47
Added Pin To Net: NetName=PGND Pin=U1-48
Added Pin To Net: NetName=HVBUS Pin=U1-63
Added Pin To Net: NetName=PGND Pin=U1-64
Added Pin To Net: NetName=HVBUS Pin=V1-1
Added Pin To Net: NetName=PGND Pin=V1-2
Added Pin To Net: NetName=PGND Pin=V1-2
Added Pin To Net: NetName=HVBUS Pin=X1-2
Added Pin To Net: NetName=HVBUS Pin=X1-4
Change Net Name : Old Net Name=HVBUS New Net Name=DGND
Change Net Name : Old Net Name=PGND New Net Name=VCC_3V3
Added Pin To Net: NetName=ADC1_IN1 Pin=U1-12
Added Net: Name=ADC1_IN1
Added Pin To Net: NetName=ADC1_IN2 Pin=U1-13
Added Net: Name=ADC1_IN2
Added Pin To Net: NetName=ADC1_IN3 Pin=U1-14
Added Net: Name=ADC1_IN3
Added Pin To Net: NetName=ADC1_IN4 Pin=U1-17
Added Net: Name=ADC1_IN4
Added Pin To Net: NetName=ADC1_IN5 Pin=U1-36
Added Net: Name=ADC1_IN5
Added Pin To Net: NetName=ADC1_IN6 Pin=U1-8
Added Net: Name=ADC1_IN6
Added Pin To Net: NetName=HRTIM1_CHA1 Pin=U1-42
Added Net: Name=HRTIM1_CHA1
Added Pin To Net: NetName=HRTIM1_CHA2 Pin=U1-43
Added Net: Name=HRTIM1_CHA2
Added Pin To Net: NetName=HRTIM1_CHB1 Pin=U1-44
Added Net: Name=HRTIM1_CHB1
Added Pin To Net: NetName=HRTIM1_CHC1 Pin=U1-34
Added Net: Name=HRTIM1_CHC1
Added Pin To Net: NetName=LED1 Pin=U1-9
Added Net: Name=LED1
Added Pin To Net: NetName=LED2 Pin=U1-10
Added Net: Name=LED2
Added Pin To Net: NetName=NetC13_1 Pin=C13-1
Added Pin To Net: NetName=NetC13_1 Pin=C14-1
Added Pin To Net: NetName=NetC13_1 Pin=L1-2
Added Net: Name=NetC13_1
Added Pin To Net: NetName=NetC13_2 Pin=C13-2
Added Pin To Net: NetName=NetC13_2 Pin=C14-2
Added Pin To Net: NetName=NetC13_2 Pin=R4-1
Added Net: Name=NetC13_2
Added Pin To Net: NetName=NetIC1_2 Pin=IC1-2
Added Pin To Net: NetName=NetIC1_2 Pin=R6-1
Added Pin To Net: NetName=NetIC1_2 Pin=R7-2
Added Net: Name=NetIC1_2
Added Pin To Net: NetName=NetLED1_2 Pin=LED1-2
Added Pin To Net: NetName=NetLED1_2 Pin=R3-2
Added Net: Name=NetLED1_2
Added Pin To Net: NetName=NetLED2_2 Pin=LED2-2
Added Pin To Net: NetName=NetLED2_2 Pin=R2-2
Added Net: Name=NetLED2_2
Added Pin To Net: NetName=NetR1_1 Pin=R1-1
Added Pin To Net: NetName=NetR1_1 Pin=U1-61
Added Net: Name=NetR1_1
Added Pin To Net: NetName=NRST Pin=C3-1
Added Pin To Net: NetName=NRST Pin=SW1-2
Added Pin To Net: NetName=NRST Pin=U1-7
Added Net: Name=NRST
Added Pin To Net: NetName=OSC_IN Pin=C2-1
Added Pin To Net: NetName=OSC_IN Pin=U1-5
Added Pin To Net: NetName=OSC_IN Pin=X1-1
Added Net: Name=OSC_IN
Added Pin To Net: NetName=OSC_OUT Pin=C1-2
Added Pin To Net: NetName=OSC_OUT Pin=U1-6
Added Pin To Net: NetName=OSC_OUT Pin=X1-3
Added Net: Name=OSC_OUT
Added Pin To Net: NetName=SWCLK Pin=JP1-9
Added Pin To Net: NetName=SWCLK Pin=U1-50
Added Net: Name=SWCLK
Added Pin To Net: NetName=SWDIO Pin=JP1-7
Added Pin To Net: NetName=SWDIO Pin=U1-49
Added Net: Name=SWDIO
Added Pin To Net: NetName=USART1_RX Pin=U1-22
Added Net: Name=USART1_RX
Added Pin To Net: NetName=USART1_TX Pin=U1-11
Added Net: Name=USART1_TX
Added Pin To Net: NetName=VCC_3V3A Pin=C11-1
Added Pin To Net: NetName=VCC_3V3A Pin=C12-1
Added Pin To Net: NetName=VCC_3V3A Pin=U1-29
Added Net: Name=VCC_3V3A
Added Pin To Net: NetName=VCC_3VR Pin=C9-1
Added Pin To Net: NetName=VCC_3VR Pin=C10-1
Added Pin To Net: NetName=VCC_3VR Pin=IC1-1
Added Pin To Net: NetName=VCC_3VR Pin=R5-1
Added Pin To Net: NetName=VCC_3VR Pin=R6-2
Added Pin To Net: NetName=VCC_3VR Pin=U1-28
Added Net: Name=VCC_3VR
Added Pin To Net: NetName=VCC_5VA Pin=C21-1
Added Pin To Net: NetName=VCC_5VA Pin=C22-1
Added Pin To Net: NetName=VCC_5VA Pin=L2-2
Added Pin To Net: NetName=VCC_5VA Pin=R5-2
Added Net: Name=VCC_5VA
Added Pin To Net: NetName=VCC_5V Pin=C19-1
Added Pin To Net: NetName=VCC_5V Pin=C20-1
Added Pin To Net: NetName=VCC_5V Pin=L2-1
Added Pin To Net: NetName=VCC_5V Pin=LED1-1
Added Pin To Net: NetName=VCC_5V Pin=V1-3
Added Net: Name=VCC_5V
Change Class Name : Old Net Name=GS_V1 New Net Name=STM32G4_V1
Added Member To Class: ClassName=STM32G4_V1 Member=Component C19 100n
Added Member To Class: ClassName=STM32G4_V1 Member=Component C20 1u
Added Member To Class: ClassName=STM32G4_V1 Member=Component IC1 TL431
Added Member To Class: ClassName=STM32G4_V1 Member=Component L1 600R@100MHZ/0805
Added Member To Class: ClassName=STM32G4_V1 Member=Component L2 600R@100MHZ/0805
Added Member To Class: ClassName=STM32G4_V1 Member=Component LED1 红色
Added Member To Class: ClassName=STM32G4_V1 Member=Component LED2 红色
Added Member To Class: ClassName=STM32G4_V1 Member=Component SW1 3x6x5
Added Member To Class: ClassName=STM32G4_V1 Member=Component V1 AMS1117-3V3
Added Member To Class: ClassName=STM32G4_V1 Member=Component X1 80M
