Added Component: Designator=C1(C 0603_L)
Add component (AddParameter): Name = "BOM名称"; Value = "无极性贴片电容"; VariantName = "[No Variations]"
Add component (AddParameter): Name = "学习资源"; Value = "www.ooocke.com"; VariantName = "[No Variations]"
Add component (AddParameter): Name = "材质"; Value = "X7R"; VariantName = "[No Variations]"
Add component (AddParameter): Name = "版权归属"; Value = "源创客"; VariantName = "[No Variations]"
Added Component: Designator=C2(C 0603_L)
Add component (AddParameter): Name = "BOM名称"; Value = "无极性贴片电容"; VariantName = "[No Variations]"
Add component (AddParameter): Name = "学习资源"; Value = "www.ooocke.com"; VariantName = "[No Variations]"
Add component (AddParameter): Name = "材质"; Value = "X7R"; VariantName = "[No Variations]"
Add component (AddParameter): Name = "版权归属"; Value = "源创客"; VariantName = "[No Variations]"
Added Component: Designator=C3(C 0603_L)
Add component (AddParameter): Name = "BOM名称"; Value = "无极性贴片电容"; VariantName = "[No Variations]"
Add component (AddParameter): Name = "学习资源"; Value = "www.ooocke.com"; VariantName = "[No Variations]"
Add component (AddParameter): Name = "材质"; Value = "X7R"; VariantName = "[No Variations]"
Add component (AddParameter): Name = "版权归属"; Value = "源创客"; VariantName = "[No Variations]"
Added Component: Designator=C4(C 0603_L)
Add component (AddParameter): Name = "BOM名称"; Value = "无极性贴片电容"; VariantName = "[No Variations]"
Add component (AddParameter): Name = "学习资源"; Value = "www.ooocke.com"; VariantName = "[No Variations]"
Add component (AddParameter): Name = "材质"; Value = "X7R"; VariantName = "[No Variations]"
Add component (AddParameter): Name = "版权归属"; Value = "源创客"; VariantName = "[No Variations]"
Added Component: Designator=C5(C 0603_L)
Add component (AddParameter): Name = "BOM名称"; Value = "无极性贴片电容"; VariantName = "[No Variations]"
Add component (AddParameter): Name = "学习资源"; Value = "www.ooocke.com"; VariantName = "[No Variations]"
Add component (AddParameter): Name = "材质"; Value = "X7R"; VariantName = "[No Variations]"
Add component (AddParameter): Name = "版权归属"; Value = "源创客"; VariantName = "[No Variations]"
Added Component: Designator=C6(C 0603_L)
Add component (AddParameter): Name = "BOM名称"; Value = "无极性贴片电容"; VariantName = "[No Variations]"
Add component (AddParameter): Name = "学习资源"; Value = "www.ooocke.com"; VariantName = "[No Variations]"
Add component (AddParameter): Name = "材质"; Value = "X7R"; VariantName = "[No Variations]"
Add component (AddParameter): Name = "版权归属"; Value = "源创客"; VariantName = "[No Variations]"
Added Component: Designator=C7(C 0603_L)
Add component (AddParameter): Name = "BOM名称"; Value = "无极性贴片电容"; VariantName = "[No Variations]"
Add component (AddParameter): Name = "学习资源"; Value = "www.ooocke.com"; VariantName = "[No Variations]"
Add component (AddParameter): Name = "材质"; Value = "X7R"; VariantName = "[No Variations]"
Add component (AddParameter): Name = "版权归属"; Value = "源创客"; VariantName = "[No Variations]"
Added Component: Designator=C8(C 0603_L)
Add component (AddParameter): Name = "BOM名称"; Value = "无极性贴片电容"; VariantName = "[No Variations]"
Add component (AddParameter): Name = "学习资源"; Value = "www.ooocke.com"; VariantName = "[No Variations]"
Add component (AddParameter): Name = "材质"; Value = "X7R"; VariantName = "[No Variations]"
Add component (AddParameter): Name = "版权归属"; Value = "源创客"; VariantName = "[No Variations]"
Added Component: Designator=C9(C 0603_L)
Add component (AddParameter): Name = "BOM名称"; Value = "无极性贴片电容"; VariantName = "[No Variations]"
Add component (AddParameter): Name = "学习资源"; Value = "www.ooocke.com"; VariantName = "[No Variations]"
Add component (AddParameter): Name = "材质"; Value = "X7R"; VariantName = "[No Variations]"
Add component (AddParameter): Name = "版权归属"; Value = "源创客"; VariantName = "[No Variations]"
Added Component: Designator=C10(C 0603_L)
Add component (AddParameter): Name = "BOM名称"; Value = "无极性贴片电容"; VariantName = "[No Variations]"
Add component (AddParameter): Name = "学习资源"; Value = "www.ooocke.com"; VariantName = "[No Variations]"
Add component (AddParameter): Name = "材质"; Value = "X7R"; VariantName = "[No Variations]"
Add component (AddParameter): Name = "版权归属"; Value = "源创客"; VariantName = "[No Variations]"
Added Component: Designator=C11(C 0603_L)
Add component (AddParameter): Name = "BOM名称"; Value = "无极性贴片电容"; VariantName = "[No Variations]"
Add component (AddParameter): Name = "学习资源"; Value = "www.ooocke.com"; VariantName = "[No Variations]"
Add component (AddParameter): Name = "材质"; Value = "X7R"; VariantName = "[No Variations]"
Add component (AddParameter): Name = "版权归属"; Value = "源创客"; VariantName = "[No Variations]"
Added Component: Designator=C12(C 0603_L)
Add component (AddParameter): Name = "BOM名称"; Value = "无极性贴片电容"; VariantName = "[No Variations]"
Add component (AddParameter): Name = "学习资源"; Value = "www.ooocke.com"; VariantName = "[No Variations]"
Add component (AddParameter): Name = "材质"; Value = "X7R"; VariantName = "[No Variations]"
Add component (AddParameter): Name = "版权归属"; Value = "源创客"; VariantName = "[No Variations]"
Added Component: Designator=C13(C 0603_L)
Add component (AddParameter): Name = "BOM名称"; Value = "无极性贴片电容"; VariantName = "[No Variations]"
Add component (AddParameter): Name = "学习资源"; Value = "www.ooocke.com"; VariantName = "[No Variations]"
Add component (AddParameter): Name = "材质"; Value = "X7R"; VariantName = "[No Variations]"
Add component (AddParameter): Name = "版权归属"; Value = "源创客"; VariantName = "[No Variations]"
Added Component: Designator=C14(C 0603_L)
Add component (AddParameter): Name = "BOM名称"; Value = "无极性贴片电容"; VariantName = "[No Variations]"
Add component (AddParameter): Name = "学习资源"; Value = "www.ooocke.com"; VariantName = "[No Variations]"
Add component (AddParameter): Name = "材质"; Value = "X7R"; VariantName = "[No Variations]"
Add component (AddParameter): Name = "版权归属"; Value = "源创客"; VariantName = "[No Variations]"
Added Component: Designator=C15(C 0603_L)
Add component (AddParameter): Name = "BOM名称"; Value = "无极性贴片电容"; VariantName = "[No Variations]"
Add component (AddParameter): Name = "学习资源"; Value = "www.ooocke.com"; VariantName = "[No Variations]"
Add component (AddParameter): Name = "材质"; Value = "X7R"; VariantName = "[No Variations]"
Add component (AddParameter): Name = "版权归属"; Value = "源创客"; VariantName = "[No Variations]"
Added Component: Designator=C16(C 0603_L)
Add component (AddParameter): Name = "BOM名称"; Value = "无极性贴片电容"; VariantName = "[No Variations]"
Add component (AddParameter): Name = "学习资源"; Value = "www.ooocke.com"; VariantName = "[No Variations]"
Add component (AddParameter): Name = "材质"; Value = "X7R"; VariantName = "[No Variations]"
Add component (AddParameter): Name = "版权归属"; Value = "源创客"; VariantName = "[No Variations]"
Added Component: Designator=C17(C 0603_L)
Add component (AddParameter): Name = "BOM名称"; Value = "无极性贴片电容"; VariantName = "[No Variations]"
Add component (AddParameter): Name = "学习资源"; Value = "www.ooocke.com"; VariantName = "[No Variations]"
Add component (AddParameter): Name = "材质"; Value = "X7R"; VariantName = "[No Variations]"
Add component (AddParameter): Name = "版权归属"; Value = "源创客"; VariantName = "[No Variations]"
Added Component: Designator=C18(C 0603_L)
Add component (AddParameter): Name = "BOM名称"; Value = "无极性贴片电容"; VariantName = "[No Variations]"
Add component (AddParameter): Name = "学习资源"; Value = "www.ooocke.com"; VariantName = "[No Variations]"
Add component (AddParameter): Name = "材质"; Value = "X7R"; VariantName = "[No Variations]"
Add component (AddParameter): Name = "版权归属"; Value = "源创客"; VariantName = "[No Variations]"
Added Component: Designator=C19(C 0603_L)
Add component (AddParameter): Name = "BOM名称"; Value = "无极性贴片电容"; VariantName = "[No Variations]"
Add component (AddParameter): Name = "学习资源"; Value = "www.ooocke.com"; VariantName = "[No Variations]"
Add component (AddParameter): Name = "材质"; Value = "X7R"; VariantName = "[No Variations]"
Add component (AddParameter): Name = "版权归属"; Value = "源创客"; VariantName = "[No Variations]"
Added Component: Designator=C20(C 0603_L)
Add component (AddParameter): Name = "BOM名称"; Value = "无极性贴片电容"; VariantName = "[No Variations]"
Add component (AddParameter): Name = "学习资源"; Value = "www.ooocke.com"; VariantName = "[No Variations]"
Add component (AddParameter): Name = "材质"; Value = "X7R"; VariantName = "[No Variations]"
Add component (AddParameter): Name = "版权归属"; Value = "源创客"; VariantName = "[No Variations]"
Added Component: Designator=C21(C 0603_L)
Add component (AddParameter): Name = "BOM名称"; Value = "无极性贴片电容"; VariantName = "[No Variations]"
Add component (AddParameter): Name = "学习资源"; Value = "www.ooocke.com"; VariantName = "[No Variations]"
Add component (AddParameter): Name = "材质"; Value = "X7R"; VariantName = "[No Variations]"
Add component (AddParameter): Name = "版权归属"; Value = "源创客"; VariantName = "[No Variations]"
Added Component: Designator=C22(C 0603_L)
Add component (AddParameter): Name = "BOM名称"; Value = "无极性贴片电容"; VariantName = "[No Variations]"
Add component (AddParameter): Name = "学习资源"; Value = "www.ooocke.com"; VariantName = "[No Variations]"
Add component (AddParameter): Name = "材质"; Value = "X7R"; VariantName = "[No Variations]"
Add component (AddParameter): Name = "版权归属"; Value = "源创客"; VariantName = "[No Variations]"
Added Component: Designator=IC1(SOT23-3N)
Add component (AddParameter): Name = "BOM名称"; Value = "可调基准稳压芯片"; VariantName = "[No Variations]"
Add component (AddParameter): Name = "学习资源"; Value = "www.ooocke.com"; VariantName = "[No Variations]"
Add component (AddParameter): Name = "版权归属"; Value = "源创客"; VariantName = "[No Variations]"
Added Component: Designator=JP1(IDC2.54-LI-2x10P)
Add component (AddParameter): Name = "BOM名称"; Value = "10*2P接插件"; VariantName = "[No Variations]"
Add component (AddParameter): Name = "学习资源"; Value = "www.ooocke.com"; VariantName = "[No Variations]"
Add component (AddParameter): Name = "版权归属"; Value = "源创客"; VariantName = "[No Variations]"
Added Component: Designator=L1(L 0805_L)
Add component (AddParameter): Name = "BOM名称"; Value = "小功率贴片电感"; VariantName = "[No Variations]"
Add component (AddParameter): Name = "学习资源"; Value = "www.ooocke.com"; VariantName = "[No Variations]"
Add component (AddParameter): Name = "版权归属"; Value = "源创客"; VariantName = "[No Variations]"
Added Component: Designator=L2(L 0805_L)
Add component (AddParameter): Name = "BOM名称"; Value = "小功率贴片电感"; VariantName = "[No Variations]"
Add component (AddParameter): Name = "学习资源"; Value = "www.ooocke.com"; VariantName = "[No Variations]"
Add component (AddParameter): Name = "版权归属"; Value = "源创客"; VariantName = "[No Variations]"
Added Component: Designator=LED1(LED 0805G)
Add component (AddParameter): Name = "BOM名称"; Value = "贴片LED"; VariantName = "[No Variations]"
Add component (AddParameter): Name = "学习资源"; Value = "www.ooocke.com"; VariantName = "[No Variations]"
Add component (AddParameter): Name = "版权归属"; Value = "源创客"; VariantName = "[No Variations]"
Added Component: Designator=LED2(LED 0805G)
Add component (AddParameter): Name = "BOM名称"; Value = "贴片LED"; VariantName = "[No Variations]"
Add component (AddParameter): Name = "学习资源"; Value = "www.ooocke.com"; VariantName = "[No Variations]"
Add component (AddParameter): Name = "版权归属"; Value = "源创客"; VariantName = "[No Variations]"
Added Component: Designator=R1(R 0603_L)
Add component (AddParameter): Name = "BOM名称"; Value = "贴片电阻"; VariantName = "[No Variations]"
Add component (AddParameter): Name = "学习资源"; Value = "www.ooocke.com"; VariantName = "[No Variations]"
Add component (AddParameter): Name = "版权归属"; Value = "源创客"; VariantName = "[No Variations]"
Added Component: Designator=R2(R 0603_L)
Add component (AddParameter): Name = "BOM名称"; Value = "贴片电阻"; VariantName = "[No Variations]"
Add component (AddParameter): Name = "学习资源"; Value = "www.ooocke.com"; VariantName = "[No Variations]"
Add component (AddParameter): Name = "版权归属"; Value = "源创客"; VariantName = "[No Variations]"
Added Component: Designator=R3(R 0603_L)
Add component (AddParameter): Name = "BOM名称"; Value = "贴片电阻"; VariantName = "[No Variations]"
Add component (AddParameter): Name = "学习资源"; Value = "www.ooocke.com"; VariantName = "[No Variations]"
Add component (AddParameter): Name = "版权归属"; Value = "源创客"; VariantName = "[No Variations]"
Added Component: Designator=R4(R 0603_L)
Add component (AddParameter): Name = "BOM名称"; Value = "贴片电阻"; VariantName = "[No Variations]"
Add component (AddParameter): Name = "学习资源"; Value = "www.ooocke.com"; VariantName = "[No Variations]"
Add component (AddParameter): Name = "版权归属"; Value = "源创客"; VariantName = "[No Variations]"
Added Component: Designator=R5(R 0603_L)
Add component (AddParameter): Name = "BOM名称"; Value = "贴片电阻"; VariantName = "[No Variations]"
Add component (AddParameter): Name = "学习资源"; Value = "www.ooocke.com"; VariantName = "[No Variations]"
Add component (AddParameter): Name = "版权归属"; Value = "源创客"; VariantName = "[No Variations]"
Added Component: Designator=R6(R 0603_L)
Add component (AddParameter): Name = "BOM名称"; Value = "贴片电阻"; VariantName = "[No Variations]"
Add component (AddParameter): Name = "学习资源"; Value = "www.ooocke.com"; VariantName = "[No Variations]"
Add component (AddParameter): Name = "版权归属"; Value = "源创客"; VariantName = "[No Variations]"
Added Component: Designator=R7(R 0603_L)
Add component (AddParameter): Name = "BOM名称"; Value = "贴片电阻"; VariantName = "[No Variations]"
Add component (AddParameter): Name = "学习资源"; Value = "www.ooocke.com"; VariantName = "[No Variations]"
Add component (AddParameter): Name = "版权归属"; Value = "源创客"; VariantName = "[No Variations]"
Added Component: Designator=SW1(TSW SMD-3*6*2.5)
Add component (AddParameter): Name = "BOM名称"; Value = "3x6轻触开关"; VariantName = "[No Variations]"
Add component (AddParameter): Name = "学习资源"; Value = "www.ooocke.com"; VariantName = "[No Variations]"
Add component (AddParameter): Name = "版权归属"; Value = "源创客"; VariantName = "[No Variations]"
Added Component: Designator=U1(LQFP64-10x10mm)
Add component (AddParameter): Name = "Mfr_Name"; Value = "STMicroelectronics"; VariantName = "[No Variations]"
Add component (AddParameter): Name = "RefDes"; Value = "RefDes"; VariantName = "[No Variations]"
Add component (AddParameter): Name = "Type"; Value = "Type"; VariantName = "[No Variations]"
Added Component: Designator=V1(SOT223_L)
Add component (AddParameter): Name = "BOM名称"; Value = "稳压芯片"; VariantName = "[No Variations]"
Add component (AddParameter): Name = "学习资源"; Value = "www.ooocke.com"; VariantName = "[No Variations]"
Add component (AddParameter): Name = "版权归属"; Value = "源创客"; VariantName = "[No Variations]"
Added Component: Designator=X1(OSC 3225-4P)
Add component (AddParameter): Name = "BOM名称"; Value = "4脚有源晶振"; VariantName = "[No Variations]"
Add component (AddParameter): Name = "学习资源"; Value = "www.ooocke.com"; VariantName = "[No Variations]"
Add component (AddParameter): Name = "版权归属"; Value = "源创客"; VariantName = "[No Variations]"
Added Pin To Net: NetName=DGND Pin=C1-1
Added Pin To Net: NetName=OSC_OUT Pin=C1-2
Added Pin To Net: NetName=OSC_IN Pin=C2-1
Added Pin To Net: NetName=DGND Pin=C2-2
Added Pin To Net: NetName=NRST Pin=C3-1
Added Pin To Net: NetName=DGND Pin=C3-2
Added Pin To Net: NetName=VCC_3V3 Pin=C4-1
Added Pin To Net: NetName=DGND Pin=C4-2
Added Pin To Net: NetName=VCC_3V3 Pin=C5-1
Added Pin To Net: NetName=DGND Pin=C5-2
Added Pin To Net: NetName=VCC_3V3 Pin=C6-1
Added Pin To Net: NetName=DGND Pin=C6-2
Added Pin To Net: NetName=VCC_3V3 Pin=C7-1
Added Pin To Net: NetName=DGND Pin=C7-2
Added Pin To Net: NetName=VCC_3V3 Pin=C8-1
Added Pin To Net: NetName=DGND Pin=C8-2
Added Pin To Net: NetName=VCC_3VR Pin=C9-1
Added Pin To Net: NetName=AGND Pin=C9-2
Added Pin To Net: NetName=VCC_3VR Pin=C10-1
Added Pin To Net: NetName=AGND Pin=C10-2
Added Pin To Net: NetName=VCC_3V3A Pin=C11-1
Added Pin To Net: NetName=AGND Pin=C11-2
Added Pin To Net: NetName=VCC_3V3A Pin=C12-1
Added Pin To Net: NetName=AGND Pin=C12-2
Added Pin To Net: NetName=NetC13_1 Pin=C13-1
Added Pin To Net: NetName=NetC13_2 Pin=C13-2
Added Pin To Net: NetName=NetC13_1 Pin=C14-1
Added Pin To Net: NetName=NetC13_2 Pin=C14-2
Added Pin To Net: NetName=VCC_3V3 Pin=C15-1
Added Pin To Net: NetName=DGND Pin=C15-2
Added Pin To Net: NetName=VCC_3V3 Pin=C16-1
Added Pin To Net: NetName=DGND Pin=C16-2
Added Pin To Net: NetName=VCC_3V3 Pin=C17-1
Added Pin To Net: NetName=DGND Pin=C17-2
Added Pin To Net: NetName=VCC_3V3 Pin=C18-1
Added Pin To Net: NetName=DGND Pin=C18-2
Added Pin To Net: NetName=VCC_5V Pin=C19-1
Added Pin To Net: NetName=DGND Pin=C19-2
Added Pin To Net: NetName=VCC_5V Pin=C20-1
Added Pin To Net: NetName=DGND Pin=C20-2
Added Pin To Net: NetName=VCC_5VA Pin=C21-1
Added Pin To Net: NetName=AGND Pin=C21-2
Added Pin To Net: NetName=VCC_5VA Pin=C22-1
Added Pin To Net: NetName=AGND Pin=C22-2
Added Pin To Net: NetName=VCC_3VR Pin=IC1-1
Added Pin To Net: NetName=NetIC1_2 Pin=IC1-2
Added Pin To Net: NetName=AGND Pin=IC1-3
Added Pin To Net: NetName=VCC_3V3 Pin=JP1-1
Added Pin To Net: NetName=DGND Pin=JP1-4
Added Pin To Net: NetName=SWDIO Pin=JP1-7
Added Pin To Net: NetName=SWCLK Pin=JP1-9
Added Pin To Net: NetName=VCC_3V3 Pin=L1-1
Added Pin To Net: NetName=NetC13_1 Pin=L1-2
Added Pin To Net: NetName=VCC_5V Pin=L2-1
Added Pin To Net: NetName=VCC_5VA Pin=L2-2
Added Pin To Net: NetName=VCC_5V Pin=LED1-1
Added Pin To Net: NetName=NetLED1_2 Pin=LED1-2
Added Pin To Net: NetName=VCC_3V3 Pin=LED2-1
Added Pin To Net: NetName=NetLED2_2 Pin=LED2-2
Added Pin To Net: NetName=NetR1_1 Pin=R1-1
Added Pin To Net: NetName=DGND Pin=R1-2
Added Pin To Net: NetName=DGND Pin=R2-1
Added Pin To Net: NetName=NetLED2_2 Pin=R2-2
Added Pin To Net: NetName=DGND Pin=R3-1
Added Pin To Net: NetName=NetLED1_2 Pin=R3-2
Added Pin To Net: NetName=NetC13_2 Pin=R4-1
Added Pin To Net: NetName=DGND Pin=R4-2
Added Pin To Net: NetName=VCC_3VR Pin=R5-1
Added Pin To Net: NetName=VCC_5VA Pin=R5-2
Added Pin To Net: NetName=NetIC1_2 Pin=R6-1
Added Pin To Net: NetName=VCC_3VR Pin=R6-2
Added Pin To Net: NetName=AGND Pin=R7-1
Added Pin To Net: NetName=NetIC1_2 Pin=R7-2
Added Pin To Net: NetName=DGND Pin=SW1-1
Added Pin To Net: NetName=NRST Pin=SW1-2
Added Pin To Net: NetName=VCC_3V3 Pin=U1-1
Added Pin To Net: NetName=OSC_IN Pin=U1-5
Added Pin To Net: NetName=OSC_OUT Pin=U1-6
Added Pin To Net: NetName=NRST Pin=U1-7
Added Pin To Net: NetName=ADC1_IN6 Pin=U1-8
Added Pin To Net: NetName=LED1 Pin=U1-9
Added Pin To Net: NetName=LED2 Pin=U1-10
Added Pin To Net: NetName=USART1_TX Pin=U1-11
Added Pin To Net: NetName=ADC1_IN1 Pin=U1-12
Added Pin To Net: NetName=ADC1_IN2 Pin=U1-13
Added Pin To Net: NetName=ADC1_IN3 Pin=U1-14
Added Pin To Net: NetName=DGND Pin=U1-15
Added Pin To Net: NetName=VCC_3V3 Pin=U1-16
Added Pin To Net: NetName=ADC1_IN4 Pin=U1-17
Added Pin To Net: NetName=USART1_RX Pin=U1-22
Added Pin To Net: NetName=AGND Pin=U1-27
Added Pin To Net: NetName=VCC_3VR Pin=U1-28
Added Pin To Net: NetName=VCC_3V3A Pin=U1-29
Added Pin To Net: NetName=DGND Pin=U1-31
Added Pin To Net: NetName=VCC_3V3 Pin=U1-32
Added Pin To Net: NetName=HRTIM1_CHC1 Pin=U1-34
Added Pin To Net: NetName=ADC1_IN5 Pin=U1-36
Added Pin To Net: NetName=HRTIM1_CHA1 Pin=U1-42
Added Pin To Net: NetName=HRTIM1_CHA2 Pin=U1-43
Added Pin To Net: NetName=HRTIM1_CHB1 Pin=U1-44
Added Pin To Net: NetName=DGND Pin=U1-47
Added Pin To Net: NetName=VCC_3V3 Pin=U1-48
Added Pin To Net: NetName=SWDIO Pin=U1-49
Added Pin To Net: NetName=SWCLK Pin=U1-50
Added Pin To Net: NetName=NetR1_1 Pin=U1-61
Added Pin To Net: NetName=DGND Pin=U1-63
Added Pin To Net: NetName=VCC_3V3 Pin=U1-64
Added Pin To Net: NetName=DGND Pin=V1-1
Added Pin To Net: NetName=VCC_3V3 Pin=V1-2
Added Pin To Net: NetName=VCC_3V3 Pin=V1-2
Added Pin To Net: NetName=VCC_5V Pin=V1-3
Added Pin To Net: NetName=OSC_IN Pin=X1-1
Added Pin To Net: NetName=DGND Pin=X1-2
Added Pin To Net: NetName=OSC_OUT Pin=X1-3
Added Pin To Net: NetName=DGND Pin=X1-4
Added Member To Class: ClassName=STM32G4_V1 Member=Component C1 12p
Added Member To Class: ClassName=STM32G4_V1 Member=Component C2 12p
Added Member To Class: ClassName=STM32G4_V1 Member=Component C3 100n
Added Member To Class: ClassName=STM32G4_V1 Member=Component C4 100n
Added Member To Class: ClassName=STM32G4_V1 Member=Component C5 100n
Added Member To Class: ClassName=STM32G4_V1 Member=Component C6 100n
Added Member To Class: ClassName=STM32G4_V1 Member=Component C7 100n
Added Member To Class: ClassName=STM32G4_V1 Member=Component C8 4.7u
Added Member To Class: ClassName=STM32G4_V1 Member=Component C9 100n
Added Member To Class: ClassName=STM32G4_V1 Member=Component C10 1u
Added Member To Class: ClassName=STM32G4_V1 Member=Component C11 10n
Added Member To Class: ClassName=STM32G4_V1 Member=Component C12 1u
Added Member To Class: ClassName=STM32G4_V1 Member=Component C13 100n
Added Member To Class: ClassName=STM32G4_V1 Member=Component C14 1u
Added Member To Class: ClassName=STM32G4_V1 Member=Component C15 100n
Added Member To Class: ClassName=STM32G4_V1 Member=Component C16 1u
Added Member To Class: ClassName=STM32G4_V1 Member=Component C17 100n
Added Member To Class: ClassName=STM32G4_V1 Member=Component C18 1u
Added Member To Class: ClassName=STM32G4_V1 Member=Component C19 100n
Added Member To Class: ClassName=STM32G4_V1 Member=Component C20 1u
Added Member To Class: ClassName=STM32G4_V1 Member=Component C21 100n
Added Member To Class: ClassName=STM32G4_V1 Member=Component C22 1u
Added Member To Class: ClassName=STM32G4_V1 Member=Component IC1 TL431
Added Member To Class: ClassName=STM32G4_V1 Member=Component JP1 Header 2X10
Added Member To Class: ClassName=STM32G4_V1 Member=Component L1 600R@100MHZ/0805
Added Member To Class: ClassName=STM32G4_V1 Member=Component L2 600R@100MHZ/0805
Added Member To Class: ClassName=STM32G4_V1 Member=Component LED1 红色
Added Member To Class: ClassName=STM32G4_V1 Member=Component LED2 红色
Added Member To Class: ClassName=STM32G4_V1 Member=Component R1 10k
Added Member To Class: ClassName=STM32G4_V1 Member=Component R2 1K
Added Member To Class: ClassName=STM32G4_V1 Member=Component R3 1K
Added Member To Class: ClassName=STM32G4_V1 Member=Component R4 0
Added Member To Class: ClassName=STM32G4_V1 Member=Component R5 200
Added Member To Class: ClassName=STM32G4_V1 Member=Component R6 200
Added Member To Class: ClassName=STM32G4_V1 Member=Component R7 1K
Added Member To Class: ClassName=STM32G4_V1 Member=Component SW1 3x6x5
Added Member To Class: ClassName=STM32G4_V1 Member=Component U1 STM32G474RET6
Added Member To Class: ClassName=STM32G4_V1 Member=Component V1 AMS1117-3V3
Added Member To Class: ClassName=STM32G4_V1 Member=Component X1 80M
